
> vibe-generated-app@1.0.0 dev
> vite


  VITE v5.4.20  ready in 209 ms

  ➜  Local:   http://localhost:3000/
  ➜  Network: http://172.20.35.244:3000/
9:37:02 AM [vite] Pre-transform error: Failed to resolve import "axios" from "src/services/api.js". Does the file exist?
9:37:02 AM [vite] Pre-transform error: Failed to resolve import "axios" from "src/services/api.js". Does the file exist?
9:37:02 AM [vite] Pre-transform error: Failed to resolve import "axios" from "src/services/api.js". Does the file exist?
9:37:11 AM [vite] Internal server error: Failed to resolve import "axios" from "src/services/api.js". Does the file exist?
  Plugin: vite:import-analysis
  File: /home/workspace/src/services/api.js:1:20
  1  |  import axios from 'axios'
     |                     ^
  2  |  
  3  |  const api = axios.create({ baseURL: import.meta.env.VITE_API_URL || 'http://localhost:5000' })
      at TransformPluginContext._formatError (file:///home/workspace/node_modules/vite/dist/node/chunks/dep-D_zLpgQd.js:49258:41)
      at TransformPluginContext.error (file:///home/workspace/node_modules/vite/dist/node/chunks/dep-D_zLpgQd.js:49253:16)
      at normalizeUrl (file:///home/workspace/node_modules/vite/dist/node/chunks/dep-D_zLpgQd.js:64306:23)
      at async file:///home/workspace/node_modules/vite/dist/node/chunks/dep-D_zLpgQd.js:64438:39
      at async Promise.all (index 0)
      at async TransformPluginContext.transform (file:///home/workspace/node_modules/vite/dist/node/chunks/dep-D_zLpgQd.js:64365:7)
      at async PluginContainer.transform (file:///home/workspace/node_modules/vite/dist/node/chunks/dep-D_zLpgQd.js:49099:18)
      at async loadAndTransform (file:///home/workspace/node_modules/vite/dist/node/chunks/dep-D_zLpgQd.js:51977:27)
      at async viteTransformMiddleware (file:///home/workspace/node_modules/vite/dist/node/chunks/dep-D_zLpgQd.js:62105:24)
9:37:38 AM [vite] Internal server error: Failed to resolve import "axios" from "src/services/api.js". Does the file exist?
  Plugin: vite:import-analysis
  File: /home/workspace/src/services/api.js:1:20
  1  |  import axios from 'axios'
     |                     ^
  2  |  
  3  |  const api = axios.create({ baseURL: import.meta.env.VITE_API_URL || 'http://localhost:5000' })
      at TransformPluginContext._formatError (file:///home/workspace/node_modules/vite/dist/node/chunks/dep-D_zLpgQd.js:49258:41)
      at TransformPluginContext.error (file:///home/workspace/node_modules/vite/dist/node/chunks/dep-D_zLpgQd.js:49253:16)
      at normalizeUrl (file:///home/workspace/node_modules/vite/dist/node/chunks/dep-D_zLpgQd.js:64306:23)
      at async file:///home/workspace/node_modules/vite/dist/node/chunks/dep-D_zLpgQd.js:64438:39
      at async Promise.all (index 0)
      at async TransformPluginContext.transform (file:///home/workspace/node_modules/vite/dist/node/chunks/dep-D_zLpgQd.js:64365:7)
      at async PluginContainer.transform (file:///home/workspace/node_modules/vite/dist/node/chunks/dep-D_zLpgQd.js:49099:18)
      at async loadAndTransform (file:///home/workspace/node_modules/vite/dist/node/chunks/dep-D_zLpgQd.js:51977:27)
      at async viteTransformMiddleware (file:///home/workspace/node_modules/vite/dist/node/chunks/dep-D_zLpgQd.js:62105:24)
